<?xml version="1.0" encoding="UTF-8"?>
<!-- Generated by org.testng.reporters.JUnitXMLReporter -->
<testsuite hostname="DESKTOP-IUDJ2E3" ignored="0" name="TestNG logs sample" tests="2" failures="0" timestamp="24 Jul 2018 15:53:09 GMT" time="0.577" errors="0">
  <testcase name="scenario" time="0.028" classname="com.cucumber.dblogging.ResultLogging.stepdefs.TestRunner"/>
  <testcase name="scenario" time="0.004" classname="com.cucumber.dblogging.ResultLogging.stepdefs.TestRunner"/>
</testsuite> <!-- TestNG logs sample -->
