<?xml version="1.0" encoding="UTF-8"?>
<!-- Generated by org.testng.reporters.JUnitXMLReporter -->
<testsuite hostname="DESKTOP-IUDJ2E3" ignored="0" name="TestNG logs sample" tests="2" failures="0" timestamp="23 Jul 2018 16:20:47 GMT" time="0.645" errors="0">
  <testcase name="scenario" time="0.054" classname="com.cucumber.dblogging.ResultLogging.TestRunner">
    <skipped/>
  </testcase> <!-- scenario -->
  <testcase name="scenario" time="0.004" classname="com.cucumber.dblogging.ResultLogging.TestRunner">
    <skipped/>
  </testcase> <!-- scenario -->
</testsuite> <!-- TestNG logs sample -->
