<?xml version="1.0" encoding="UTF-8"?>
<testng-results skipped="0" failed="0" ignored="0" total="2" passed="2">
  <reporter-output>
    <line>
      <![CDATA[<div "result">A test is run (PASSED : 0s)</div>]]>
    </line>
    <line>
      <![CDATA[<div "result">the test is passed (PASSED : 0s)</div>]]>
    </line>
    <line>
      <![CDATA[<div "result">the passed test is logged (PASSED : 0s)</div>]]>
    </line>
    <line>
      <![CDATA[<div "result">A failed test is run (PASSED : 0s)</div>]]>
    </line>
    <line>
      <![CDATA[<div "result">the test is failed (PASSED : 0s)</div>]]>
    </line>
    <line>
      <![CDATA[<div "result">the failed test is logged (PASSED : 0s)</div>]]>
    </line>
  </reporter-output>
  <suite name="Log Suite Example" duration-ms="577" started-at="2018-07-24T15:53:09Z" finished-at="2018-07-24T15:53:09Z">
    <groups>
      <group name="cucumber scenarios">
        <method signature="TestRunner.scenario(cucumber.api.testng.PickleEventWrapper, cucumber.api.testng.CucumberFeatureWrapper)[pri:0, instance:com.cucumber.dblogging.ResultLogging.stepdefs.TestRunner@5e3a8624]" name="scenario" class="com.cucumber.dblogging.ResultLogging.stepdefs.TestRunner"/>
      </group> <!-- cucumber scenarios -->
    </groups>
    <test name="TestNG logs sample" duration-ms="577" started-at="2018-07-24T15:53:09Z" finished-at="2018-07-24T15:53:09Z">
      <class name="com.cucumber.dblogging.ResultLogging.stepdefs.TestRunner">
        <test-method status="PASS" signature="setUpClass()[pri:0, instance:com.cucumber.dblogging.ResultLogging.stepdefs.TestRunner@5e3a8624]" name="setUpClass" is-config="true" duration-ms="213" started-at="2018-07-24T15:53:09Z" finished-at="2018-07-24T15:53:09Z">
          <reporter-output>
          </reporter-output>
        </test-method> <!-- setUpClass -->
        <test-method status="PASS" signature="scenario(cucumber.api.testng.PickleEventWrapper, cucumber.api.testng.CucumberFeatureWrapper)[pri:0, instance:com.cucumber.dblogging.ResultLogging.stepdefs.TestRunner@5e3a8624]" name="scenario" duration-ms="28" started-at="2018-07-24T15:53:09Z" description="Runs Cucumber scenarios" data-provider="scenarios" finished-at="2018-07-24T15:53:09Z">
          <params>
            <param index="0">
              <value>
                <![CDATA["Test if passed test is logged properly"]]>
              </value>
            </param>
            <param index="1">
              <value>
                <![CDATA["Testing the ResultLogging Feature"]]>
              </value>
            </param>
          </params>
          <reporter-output>
            <line>
              <![CDATA[<div "result">A test is run (PASSED : 0s)</div>]]>
            </line>
            <line>
              <![CDATA[<div "result">the test is passed (PASSED : 0s)</div>]]>
            </line>
            <line>
              <![CDATA[<div "result">the passed test is logged (PASSED : 0s)</div>]]>
            </line>
          </reporter-output>
        </test-method> <!-- scenario -->
        <test-method status="PASS" signature="scenario(cucumber.api.testng.PickleEventWrapper, cucumber.api.testng.CucumberFeatureWrapper)[pri:0, instance:com.cucumber.dblogging.ResultLogging.stepdefs.TestRunner@5e3a8624]" name="scenario" duration-ms="4" started-at="2018-07-24T15:53:09Z" description="Runs Cucumber scenarios" data-provider="scenarios" finished-at="2018-07-24T15:53:09Z">
          <params>
            <param index="0">
              <value>
                <![CDATA["Test if failed test is logged properly"]]>
              </value>
            </param>
            <param index="1">
              <value>
                <![CDATA["Testing the ResultLogging Feature"]]>
              </value>
            </param>
          </params>
          <reporter-output>
            <line>
              <![CDATA[<div "result">A failed test is run (PASSED : 0s)</div>]]>
            </line>
            <line>
              <![CDATA[<div "result">the test is failed (PASSED : 0s)</div>]]>
            </line>
            <line>
              <![CDATA[<div "result">the failed test is logged (PASSED : 0s)</div>]]>
            </line>
          </reporter-output>
        </test-method> <!-- scenario -->
        <test-method status="PASS" signature="tearDownClass()[pri:0, instance:com.cucumber.dblogging.ResultLogging.stepdefs.TestRunner@5e3a8624]" name="tearDownClass" is-config="true" duration-ms="12" started-at="2018-07-24T15:53:09Z" finished-at="2018-07-24T15:53:09Z">
          <reporter-output>
          </reporter-output>
        </test-method> <!-- tearDownClass -->
      </class> <!-- com.cucumber.dblogging.ResultLogging.stepdefs.TestRunner -->
    </test> <!-- TestNG logs sample -->
  </suite> <!-- Log Suite Example -->
</testng-results>
