<?xml version="1.0" encoding="UTF-8"?>
<testng-results skipped="0" failed="0" ignored="0" total="0" passed="0">
  <reporter-output>
  </reporter-output>
  <suite name="com.cucumber.dblogging.ResultLogging.AppTest" duration-ms="11" started-at="2018-07-23T15:44:38Z" finished-at="2018-07-23T15:44:38Z">
    <groups>
    </groups>
    <test name="Command line test" duration-ms="11" started-at="2018-07-23T15:44:38Z" finished-at="2018-07-23T15:44:38Z">
    </test> <!-- Command line test -->
  </suite> <!-- com.cucumber.dblogging.ResultLogging.AppTest -->
</testng-results>
