<?xml version="1.0" encoding="UTF-8"?>
<testng-results skipped="0" failed="0" ignored="0" total="0" passed="0">
  <reporter-output>
  </reporter-output>
  <suite name="com.cucumber.dblogging.ResultLogging.AppTest" duration-ms="7" started-at="2018-07-24T15:49:26Z" finished-at="2018-07-24T15:49:26Z">
    <groups>
    </groups>
    <test name="Command line test" duration-ms="7" started-at="2018-07-24T15:49:26Z" finished-at="2018-07-24T15:49:26Z">
    </test> <!-- Command line test -->
  </suite> <!-- com.cucumber.dblogging.ResultLogging.AppTest -->
</testng-results>
